<?xml version="1.0" encoding="UTF-8"?>
<!-- Generated by org.testng.reporters.JUnitReportReporter -->
<testsuite hostname="DESKTOP-0DVVPP6" failures="0" tests="3" name="com.wfm.qa.testcases.LoginPageTest" time="22.834" errors="0" timestamp="2023-09-17T22:20:12 IST" skipped="0">
  <testcase classname="com.wfm.qa.testcases.LoginPageTest" name="loginPageTitleTest" time="7.028"/>
  <testcase classname="com.wfm.qa.testcases.LoginPageTest" name="wfmLogoTest" time="5.764"/>
  <testcase classname="com.wfm.qa.testcases.LoginPageTest" name="loginTest" time="10.042"/>
</testsuite> <!-- com.wfm.qa.testcases.LoginPageTest -->
