<?xml version="1.0" encoding="UTF-8"?>
<!-- Generated by org.testng.reporters.JUnitReportReporter -->
<testsuite hostname="DESKTOP-0DVVPP6" failures="0" tests="3" name="com.wfm.qa.wfmtestcases.SigninPageTest" time="18.004" errors="0" timestamp="2023-09-24T10:40:26 IST" skipped="0">
  <testcase classname="com.wfm.qa.wfmtestcases.SigninPageTest" name="signinPageTitleTest" time="5.584"/>
  <testcase classname="com.wfm.qa.wfmtestcases.SigninPageTest" name="signinPagelogoTest" time="4.838"/>
  <testcase classname="com.wfm.qa.wfmtestcases.SigninPageTest" name="signinTest" time="7.582"/>
</testsuite> <!-- com.wfm.qa.wfmtestcases.SigninPageTest -->
