<?xml version="1.0" encoding="UTF-8"?>
<!-- Generated by org.testng.reporters.JUnitReportReporter -->
<testsuite hostname="DESKTOP-0DVVPP6" failures="0" tests="1" name="com.wfm.qa.wfmtestcases.HomePageTest" time="16.312" errors="0" timestamp="2023-09-23T18:00:09 IST" skipped="0">
  <testcase classname="com.wfm.qa.wfmtestcases.HomePageTest" name="verifyprojectLinkTest" time="16.312"/>
</testsuite> <!-- com.wfm.qa.wfmtestcases.HomePageTest -->
